<?xml version="1.0" encoding="UTF-8"?>
<!-- Generated by org.testng.reporters.JUnitReportReporter -->
<testsuite skipped="0" hostname="DESKTOP-L1EA06Q" name="scripts.Login_Logout_test" tests="1" failures="0" timestamp="2020-10-27T18:40:42 IST" time="24.634" errors="0">
  <testcase name="login_logout_test" time="24.634" classname="scripts.Login_Logout_test"/>
  <system-out/>
</testsuite> <!-- scripts.Login_Logout_test -->
